2013-09-11 23:35:02 Error: [MissingPluginException] Plugin Dna could not be found.
Exception Attributes: array (
  'plugin' => 'Dna',
)
Request URL: /
Stack Trace:
#0 /Users/dahthing/Desktop/Frameworks/cakephp-cakephp-2.4.0-0-g83db877/cakephp-cakephp-9b904aa/lib/Cake/Core/App.php(367): CakePlugin::path('Dna')
#1 /Users/dahthing/Desktop/Frameworks/cakephp-cakephp-2.4.0-0-g83db877/cakephp-cakephp-9b904aa/lib/Cake/Core/App.php(228): App::pluginPath('Dna')
#2 /Users/dahthing/Desktop/Frameworks/cakephp-cakephp-2.4.0-0-g83db877/cakephp-cakephp-9b904aa/lib/Cake/Core/App.php(548): App::path('Lib', 'Dna')
#3 [internal function]: App::load('DnaRouter')
#4 /Users/dahthing/Desktop/Frameworks/cakephp-cakephp-2.4.0-0-g83db877/cakephp-cakephp-9b904aa/app/Config/routes.php(31): spl_autoload_call('DnaRouter')
#5 /Users/dahthing/Desktop/Frameworks/cakephp-cakephp-2.4.0-0-g83db877/cakephp-cakephp-9b904aa/lib/Cake/Routing/Router.php(1187): include('/Users/dahthing...')
#6 /Users/dahthing/Desktop/Frameworks/cakephp-cakephp-2.4.0-0-g83db877/cakephp-cakephp-9b904aa/lib/Cake/Routing/Router.php(544): Router::_loadRoutes()
#7 /Users/dahthing/Desktop/Frameworks/cakephp-cakephp-2.4.0-0-g83db877/cakephp-cakephp-9b904aa/lib/Cake/Routing/Dispatcher.php(215): Router::parse(false)
#8 [internal function]: Dispatcher->parseParams(Object(CakeEvent))
#9 /Users/dahthing/Desktop/Frameworks/cakephp-cakephp-2.4.0-0-g83db877/cakephp-cakephp-9b904aa/lib/Cake/Event/CakeEventManager.php(248): call_user_func(Array, Object(CakeEvent))
#10 /Users/dahthing/Desktop/Frameworks/cakephp-cakephp-2.4.0-0-g83db877/cakephp-cakephp-9b904aa/lib/Cake/Routing/Dispatcher.php(142): CakeEventManager->dispatch(Object(CakeEvent))
#11 /Users/dahthing/Desktop/Frameworks/cakephp-cakephp-2.4.0-0-g83db877/cakephp-cakephp-9b904aa/app/webroot/index.php(96): Dispatcher->dispatch(Object(CakeRequest), Object(CakeResponse))
#12 {main}
2013-09-11 23:35:03 Critical: Errors in CakeErrorController: Component class AclFilter could not be found.
2013-09-11 23:42:43 Error: [MissingControllerException] Controller class JsController could not be found.
Exception Attributes: array (
  'class' => 'JsController',
  'plugin' => 'Dna',
)
Request URL: /dna/js/dna-bootstrap.js
Stack Trace:
#0 /Users/dahthing/Desktop/Frameworks/cakephp-cakephp-2.4.0-0-g83db877/cakephp-cakephp-9b904aa/app/webroot/index.php(96): Dispatcher->dispatch(Object(CakeRequest), Object(CakeResponse))
#1 {main}
2013-09-11 23:42:59 Error: Fatal Error (1): Class 'AuthComponent' not found in [/Users/dahthing/Desktop/Frameworks/cakephp-cakephp-2.4.0-0-g83db877/cakephp-cakephp-9b904aa/app/Plugin/Acl/Controller/Component/AclFilterComponent.php, line 71]
2013-09-11 23:42:59 Error: [FatalErrorException] Class 'AuthComponent' not found
Request URL: /admin
Stack Trace:
#0 /Users/dahthing/Desktop/Frameworks/cakephp-cakephp-2.4.0-0-g83db877/cakephp-cakephp-9b904aa/lib/Cake/Error/ErrorHandler.php(184): ErrorHandler::handleFatalError(1, 'Class 'AuthComp...', '/Users/dahthing...', 71)
#1 [internal function]: ErrorHandler::handleError(1, 'Class 'AuthComp...', '/Users/dahthing...', 71, Array)
#2 /Users/dahthing/Desktop/Frameworks/cakephp-cakephp-2.4.0-0-g83db877/cakephp-cakephp-9b904aa/lib/Cake/Core/App.php(930): call_user_func('ErrorHandler::h...', 1, 'Class 'AuthComp...', '/Users/dahthing...', 71, Array)
#3 /Users/dahthing/Desktop/Frameworks/cakephp-cakephp-2.4.0-0-g83db877/cakephp-cakephp-9b904aa/lib/Cake/Core/App.php(903): App::_checkFatalError()
#4 [internal function]: App::shutdown()
#5 {main}
2013-09-11 23:43:15 Error: Fatal Error (1): Class 'AuthComponent' not found in [/Users/dahthing/Desktop/Frameworks/cakephp-cakephp-2.4.0-0-g83db877/cakephp-cakephp-9b904aa/app/Plugin/Acl/Controller/Component/AclFilterComponent.php, line 71]
2013-09-11 23:43:15 Error: [FatalErrorException] Class 'AuthComponent' not found
Request URL: /admin
Stack Trace:
#0 /Users/dahthing/Desktop/Frameworks/cakephp-cakephp-2.4.0-0-g83db877/cakephp-cakephp-9b904aa/lib/Cake/Error/ErrorHandler.php(184): ErrorHandler::handleFatalError(1, 'Class 'AuthComp...', '/Users/dahthing...', 71)
#1 [internal function]: ErrorHandler::handleError(1, 'Class 'AuthComp...', '/Users/dahthing...', 71, Array)
#2 /Users/dahthing/Desktop/Frameworks/cakephp-cakephp-2.4.0-0-g83db877/cakephp-cakephp-9b904aa/lib/Cake/Core/App.php(930): call_user_func('ErrorHandler::h...', 1, 'Class 'AuthComp...', '/Users/dahthing...', 71, Array)
#3 /Users/dahthing/Desktop/Frameworks/cakephp-cakephp-2.4.0-0-g83db877/cakephp-cakephp-9b904aa/lib/Cake/Core/App.php(903): App::_checkFatalError()
#4 [internal function]: App::shutdown()
#5 {main}
2013-09-11 23:47:15 Error: Fatal Error (1): Class 'AuthComponent' not found in [/Users/dahthing/Desktop/Frameworks/cakephp-cakephp-2.4.0-0-g83db877/cakephp-cakephp-9b904aa/app/Plugin/Acl/Controller/Component/AclFilterComponent.php, line 71]
2013-09-11 23:47:15 Error: [FatalErrorException] Class 'AuthComponent' not found
Request URL: /admin
Stack Trace:
#0 /Users/dahthing/Desktop/Frameworks/cakephp-cakephp-2.4.0-0-g83db877/cakephp-cakephp-9b904aa/lib/Cake/Error/ErrorHandler.php(184): ErrorHandler::handleFatalError(1, 'Class 'AuthComp...', '/Users/dahthing...', 71)
#1 [internal function]: ErrorHandler::handleError(1, 'Class 'AuthComp...', '/Users/dahthing...', 71, Array)
#2 /Users/dahthing/Desktop/Frameworks/cakephp-cakephp-2.4.0-0-g83db877/cakephp-cakephp-9b904aa/lib/Cake/Core/App.php(930): call_user_func('ErrorHandler::h...', 1, 'Class 'AuthComp...', '/Users/dahthing...', 71, Array)
#3 /Users/dahthing/Desktop/Frameworks/cakephp-cakephp-2.4.0-0-g83db877/cakephp-cakephp-9b904aa/lib/Cake/Core/App.php(903): App::_checkFatalError()
#4 [internal function]: App::shutdown()
#5 {main}
2013-09-11 23:51:06 Error: Fatal Error (1): Call to a member function user() on a non-object in [/Users/dahthing/Desktop/Frameworks/cakephp-cakephp-2.4.0-0-g83db877/cakephp-cakephp-9b904aa/app/Plugin/Acl/Controller/Component/AclFilterComponent.php, line 167]
2013-09-11 23:51:06 Error: [FatalErrorException] Call to a member function user() on a non-object
Request URL: /admin
Stack Trace:
#0 /Users/dahthing/Desktop/Frameworks/cakephp-cakephp-2.4.0-0-g83db877/cakephp-cakephp-9b904aa/lib/Cake/Error/ErrorHandler.php(184): ErrorHandler::handleFatalError(1, 'Call to a membe...', '/Users/dahthing...', 167)
#1 [internal function]: ErrorHandler::handleError(1, 'Call to a membe...', '/Users/dahthing...', 167, Array)
#2 /Users/dahthing/Desktop/Frameworks/cakephp-cakephp-2.4.0-0-g83db877/cakephp-cakephp-9b904aa/lib/Cake/Core/App.php(930): call_user_func('ErrorHandler::h...', 1, 'Call to a membe...', '/Users/dahthing...', 167, Array)
#3 /Users/dahthing/Desktop/Frameworks/cakephp-cakephp-2.4.0-0-g83db877/cakephp-cakephp-9b904aa/lib/Cake/Core/App.php(903): App::_checkFatalError()
#4 [internal function]: App::shutdown()
#5 {main}
2013-09-11 23:51:58 Error: Fatal Error (1): Class 'AuthComponent' not found in [/Users/dahthing/Desktop/Frameworks/cakephp-cakephp-2.4.0-0-g83db877/cakephp-cakephp-9b904aa/app/Plugin/Acl/Controller/Component/AclFilterComponent.php, line 71]
2013-09-11 23:51:58 Error: [FatalErrorException] Class 'AuthComponent' not found
Request URL: /admin
Stack Trace:
#0 /Users/dahthing/Desktop/Frameworks/cakephp-cakephp-2.4.0-0-g83db877/cakephp-cakephp-9b904aa/lib/Cake/Error/ErrorHandler.php(184): ErrorHandler::handleFatalError(1, 'Class 'AuthComp...', '/Users/dahthing...', 71)
#1 [internal function]: ErrorHandler::handleError(1, 'Class 'AuthComp...', '/Users/dahthing...', 71, Array)
#2 /Users/dahthing/Desktop/Frameworks/cakephp-cakephp-2.4.0-0-g83db877/cakephp-cakephp-9b904aa/lib/Cake/Core/App.php(930): call_user_func('ErrorHandler::h...', 1, 'Class 'AuthComp...', '/Users/dahthing...', 71, Array)
#3 /Users/dahthing/Desktop/Frameworks/cakephp-cakephp-2.4.0-0-g83db877/cakephp-cakephp-9b904aa/lib/Cake/Core/App.php(903): App::_checkFatalError()
#4 [internal function]: App::shutdown()
#5 {main}
2013-09-11 23:53:14 Error: Fatal Error (1): Class 'AuthComponent' not found in [/Users/dahthing/Desktop/Frameworks/cakephp-cakephp-2.4.0-0-g83db877/cakephp-cakephp-9b904aa/app/Plugin/Acl/Controller/Component/AclFilterComponent.php, line 71]
2013-09-11 23:53:15 Error: [FatalErrorException] Class 'AuthComponent' not found
Request URL: /admin
Stack Trace:
#0 /Users/dahthing/Desktop/Frameworks/cakephp-cakephp-2.4.0-0-g83db877/cakephp-cakephp-9b904aa/lib/Cake/Error/ErrorHandler.php(184): ErrorHandler::handleFatalError(1, 'Class 'AuthComp...', '/Users/dahthing...', 71)
#1 [internal function]: ErrorHandler::handleError(1, 'Class 'AuthComp...', '/Users/dahthing...', 71, Array)
#2 /Users/dahthing/Desktop/Frameworks/cakephp-cakephp-2.4.0-0-g83db877/cakephp-cakephp-9b904aa/lib/Cake/Core/App.php(930): call_user_func('ErrorHandler::h...', 1, 'Class 'AuthComp...', '/Users/dahthing...', 71, Array)
#3 /Users/dahthing/Desktop/Frameworks/cakephp-cakephp-2.4.0-0-g83db877/cakephp-cakephp-9b904aa/lib/Cake/Core/App.php(903): App::_checkFatalError()
#4 [internal function]: App::shutdown()
#5 {main}
2013-09-12 00:02:17 Error: [MissingControllerException] Controller class JsController could not be found.
Exception Attributes: array (
  'class' => 'JsController',
  'plugin' => 'Dna',
)
Request URL: /dna/js/dna-bootstrap.js
Stack Trace:
#0 /Users/dahthing/Desktop/Frameworks/cakephp-cakephp-2.4.0-0-g83db877/cakephp-cakephp-9b904aa/app/webroot/index.php(96): Dispatcher->dispatch(Object(CakeRequest), Object(CakeResponse))
#1 {main}
2013-09-12 00:04:17 Error: [MissingControllerException] Controller class JsController could not be found.
Exception Attributes: array (
  'class' => 'JsController',
  'plugin' => 'Dna',
)
Request URL: /dna/js/dna-bootstrap.js
Stack Trace:
#0 /Users/dahthing/Desktop/Frameworks/cakephp-cakephp-2.4.0-0-g83db877/cakephp-cakephp-9b904aa/app/webroot/index.php(96): Dispatcher->dispatch(Object(CakeRequest), Object(CakeResponse))
#1 {main}
2013-09-12 00:04:33 Error: [MissingControllerException] Controller class JsController could not be found.
Exception Attributes: array (
  'class' => 'JsController',
  'plugin' => 'Dna',
)
Request URL: /dna/js/dna-bootstrap.js
Stack Trace:
#0 /Users/dahthing/Desktop/Frameworks/cakephp-cakephp-2.4.0-0-g83db877/cakephp-cakephp-9b904aa/app/webroot/index.php(96): Dispatcher->dispatch(Object(CakeRequest), Object(CakeResponse))
#1 {main}
2013-09-12 00:04:37 Error: [MissingControllerException] Controller class JsController could not be found.
Exception Attributes: array (
  'class' => 'JsController',
  'plugin' => 'Dna',
)
Request URL: /dna/js/dna-bootstrap.js
Stack Trace:
#0 /Users/dahthing/Desktop/Frameworks/cakephp-cakephp-2.4.0-0-g83db877/cakephp-cakephp-9b904aa/app/webroot/index.php(96): Dispatcher->dispatch(Object(CakeRequest), Object(CakeResponse))
#1 {main}
2013-09-12 00:09:07 Error: [MissingControllerException] Controller class JsController could not be found.
Exception Attributes: array (
  'class' => 'JsController',
  'plugin' => 'Dna',
)
Request URL: /dna/js/dna-bootstrap.js
Stack Trace:
#0 /Users/dahthing/Desktop/Frameworks/cakephp-cakephp-2.4.0-0-g83db877/cakephp-cakephp-9b904aa/app/webroot/index.php(96): Dispatcher->dispatch(Object(CakeRequest), Object(CakeResponse))
#1 {main}
2013-09-12 00:09:22 Error: [MissingControllerException] Controller class JsController could not be found.
Exception Attributes: array (
  'class' => 'JsController',
  'plugin' => 'Dna',
)
Request URL: /dna/js/dna-bootstrap.js
Stack Trace:
#0 /Users/dahthing/Desktop/Frameworks/cakephp-cakephp-2.4.0-0-g83db877/cakephp-cakephp-9b904aa/app/webroot/index.php(96): Dispatcher->dispatch(Object(CakeRequest), Object(CakeResponse))
#1 {main}
2013-09-12 00:09:24 Error: [MissingControllerException] Controller class JsController could not be found.
Exception Attributes: array (
  'class' => 'JsController',
  'plugin' => 'Dna',
)
Request URL: /dna/js/dna-bootstrap.js
Stack Trace:
#0 /Users/dahthing/Desktop/Frameworks/cakephp-cakephp-2.4.0-0-g83db877/cakephp-cakephp-9b904aa/app/webroot/index.php(96): Dispatcher->dispatch(Object(CakeRequest), Object(CakeResponse))
#1 {main}
2013-09-12 00:09:27 Error: [MissingControllerException] Controller class JsController could not be found.
Exception Attributes: array (
  'class' => 'JsController',
  'plugin' => 'Dna',
)
Request URL: /dna/js/dna-bootstrap.js
Stack Trace:
#0 /Users/dahthing/Desktop/Frameworks/cakephp-cakephp-2.4.0-0-g83db877/cakephp-cakephp-9b904aa/app/webroot/index.php(96): Dispatcher->dispatch(Object(CakeRequest), Object(CakeResponse))
#1 {main}
2013-09-12 00:09:37 Error: [MissingControllerException] Controller class JsController could not be found.
Exception Attributes: array (
  'class' => 'JsController',
  'plugin' => 'Dna',
)
Request URL: /dna/js/dna-bootstrap.js
Stack Trace:
#0 /Users/dahthing/Desktop/Frameworks/cakephp-cakephp-2.4.0-0-g83db877/cakephp-cakephp-9b904aa/app/webroot/index.php(96): Dispatcher->dispatch(Object(CakeRequest), Object(CakeResponse))
#1 {main}
2013-09-12 00:12:15 Error: [MissingControllerException] Controller class JsController could not be found.
Exception Attributes: array (
  'class' => 'JsController',
  'plugin' => 'Dna',
)
Request URL: /dna/js/dna-bootstrap.js
Stack Trace:
#0 /Users/dahthing/Desktop/Frameworks/cakephp-cakephp-2.4.0-0-g83db877/cakephp-cakephp-9b904aa/app/webroot/index.php(96): Dispatcher->dispatch(Object(CakeRequest), Object(CakeResponse))
#1 {main}
2013-09-12 00:13:36 Error: [MissingControllerException] Controller class JsController could not be found.
Exception Attributes: array (
  'class' => 'JsController',
  'plugin' => 'Ckeditor',
)
Request URL: /ckeditor/js/skins/moono/dna.css?t=D2LI
Stack Trace:
#0 /Users/dahthing/Desktop/Frameworks/cakephp-cakephp-2.4.0-0-g83db877/cakephp-cakephp-9b904aa/app/webroot/index.php(96): Dispatcher->dispatch(Object(CakeRequest), Object(CakeResponse))
#1 {main}
2013-09-22 23:39:21 Error: [MissingControllerException] Controller class JsController could not be found.
Exception Attributes: array (
  'class' => 'JsController',
  'plugin' => 'Ckeditor',
)
Request URL: /ckeditor/js/skins/moono/dna.css?t=D2LI
Stack Trace:
#0 /Users/dahthing/Desktop/Frameworks/cakephp-cakephp-2.4.0-0-g83db877/cakephp-cakephp-9b904aa/app/webroot/index.php(96): Dispatcher->dispatch(Object(CakeRequest), Object(CakeResponse))
#1 {main}
2013-09-22 23:54:29 Error: [MissingControllerException] Controller class AdminController could not be found.
Exception Attributes: array (
  'class' => 'AdminController',
  'plugin' => NULL,
)
Request URL: /admin
Stack Trace:
#0 /Users/dahthing/Desktop/Frameworks/cakephp-cakephp-2.4.0-0-g83db877/cakephp-cakephp-9b904aa/app/webroot/index.php(96): Dispatcher->dispatch(Object(CakeRequest), Object(CakeResponse))
#1 {main}
2013-09-22 23:54:30 Warning: Warning (2): array_key_exists() expects parameter 2 to be array, null given in [/Users/dahthing/Desktop/Frameworks/cakephp-cakephp-2.4.0-0-g83db877/cakephp-cakephp-9b904aa/app/Plugin/Acl/Controller/Component/AclFilterComponent.php, line 51]
Trace:
array_key_exists - [internal], line ??
AclFilterComponent::_config() - APP/Plugin/Acl/Controller/Component/AclFilterComponent.php, line 51
AclFilterComponent::initialize() - APP/Plugin/Acl/Controller/Component/AclFilterComponent.php, line 35
ObjectCollection::trigger() - CORE/Cake/Utility/ObjectCollection.php, line 132
call_user_func - [internal], line ??
CakeEventManager::dispatch() - CORE/Cake/Event/CakeEventManager.php, line 248
Controller::startupProcess() - CORE/Cake/Controller/Controller.php, line 670
ExceptionRenderer::_getController() - CORE/Cake/Error/ExceptionRenderer.php, line 157
ExceptionRenderer::__construct() - CORE/Cake/Error/ExceptionRenderer.php, line 95
ErrorHandler::handleException() - CORE/Cake/Error/ErrorHandler.php, line 122
[main] - [internal], line ??

2013-09-22 23:54:30 Warning: Warning (2): array_key_exists() expects parameter 2 to be array, null given in [/Users/dahthing/Desktop/Frameworks/cakephp-cakephp-2.4.0-0-g83db877/cakephp-cakephp-9b904aa/app/Plugin/Acl/Controller/Component/AclFilterComponent.php, line 51]
Trace:
array_key_exists - [internal], line ??
AclFilterComponent::_config() - APP/Plugin/Acl/Controller/Component/AclFilterComponent.php, line 51
AclFilterComponent::_configure() - APP/Plugin/Acl/Controller/Component/AclFilterComponent.php, line 82
AclFilterComponent::auth() - APP/Plugin/Acl/Controller/Component/AclFilterComponent.php, line 166
DnaAppController::beforeFilter() - APP/Plugin/Dna/Controller/DnaAppController.php, line 140
DnaErrorController::beforeFilter() - APP/Plugin/Dna/Controller/DnaErrorController.php, line 72
call_user_func - [internal], line ??
CakeEventManager::dispatch() - CORE/Cake/Event/CakeEventManager.php, line 248
Controller::startupProcess() - CORE/Cake/Controller/Controller.php, line 670
ExceptionRenderer::_getController() - CORE/Cake/Error/ExceptionRenderer.php, line 157
ExceptionRenderer::__construct() - CORE/Cake/Error/ExceptionRenderer.php, line 95
ErrorHandler::handleException() - CORE/Cake/Error/ErrorHandler.php, line 122
[main] - [internal], line ??

2013-09-22 23:54:30 Warning: Warning (2): array_key_exists() expects parameter 2 to be array, null given in [/Users/dahthing/Desktop/Frameworks/cakephp-cakephp-2.4.0-0-g83db877/cakephp-cakephp-9b904aa/app/Plugin/Acl/Controller/Component/AclFilterComponent.php, line 51]
Trace:
array_key_exists - [internal], line ??
AclFilterComponent::_config() - APP/Plugin/Acl/Controller/Component/AclFilterComponent.php, line 51
AclFilterComponent::_configure() - APP/Plugin/Acl/Controller/Component/AclFilterComponent.php, line 98
AclFilterComponent::auth() - APP/Plugin/Acl/Controller/Component/AclFilterComponent.php, line 166
DnaAppController::beforeFilter() - APP/Plugin/Dna/Controller/DnaAppController.php, line 140
DnaErrorController::beforeFilter() - APP/Plugin/Dna/Controller/DnaErrorController.php, line 72
call_user_func - [internal], line ??
CakeEventManager::dispatch() - CORE/Cake/Event/CakeEventManager.php, line 248
Controller::startupProcess() - CORE/Cake/Controller/Controller.php, line 670
ExceptionRenderer::_getController() - CORE/Cake/Error/ExceptionRenderer.php, line 157
ExceptionRenderer::__construct() - CORE/Cake/Error/ExceptionRenderer.php, line 95
ErrorHandler::handleException() - CORE/Cake/Error/ErrorHandler.php, line 122
[main] - [internal], line ??

2013-09-22 23:54:46 Error: [MissingControllerException] Controller class AdminController could not be found.
Exception Attributes: array (
  'class' => 'AdminController',
  'plugin' => NULL,
)
Request URL: /admin
Stack Trace:
#0 /Users/dahthing/Desktop/Frameworks/cakephp-cakephp-2.4.0-0-g83db877/cakephp-cakephp-9b904aa/app/webroot/index.php(96): Dispatcher->dispatch(Object(CakeRequest), Object(CakeResponse))
#1 {main}
2013-09-22 23:59:24 Error: [MissingPluginException] Plugin Users could not be found.
Exception Attributes: array (
  'plugin' => 'Users',
)
Request URL: /admin/settings/languages
Stack Trace:
#0 /Users/dahthing/Desktop/Frameworks/cakephp-cakephp-2.4.0-0-g83db877/cakephp-cakephp-9b904aa/lib/Cake/Core/App.php(367): CakePlugin::path('Users')
#1 /Users/dahthing/Desktop/Frameworks/cakephp-cakephp-2.4.0-0-g83db877/cakephp-cakephp-9b904aa/lib/Cake/Core/App.php(228): App::pluginPath('Users')
#2 /Users/dahthing/Desktop/Frameworks/cakephp-cakephp-2.4.0-0-g83db877/cakephp-cakephp-9b904aa/lib/Cake/Core/App.php(548): App::path('Model', 'Users')
#3 [internal function]: App::load('Role')
#4 [internal function]: spl_autoload_call('Role')
#5 /Users/dahthing/Desktop/Frameworks/cakephp-cakephp-2.4.0-0-g83db877/cakephp-cakephp-9b904aa/lib/Cake/Utility/ClassRegistry.php(145): class_exists('Role')
#6 /Users/dahthing/Desktop/Frameworks/cakephp-cakephp-2.4.0-0-g83db877/cakephp-cakephp-9b904aa/app/Plugin/Dna/View/Helper/DnaHelper.php(72): ClassRegistry::init('Users.Role')
#7 /Users/dahthing/Desktop/Frameworks/cakephp-cakephp-2.4.0-0-g83db877/cakephp-cakephp-9b904aa/app/Plugin/Dna/View/Elements/admin/navigation.ctp(8): DnaHelper->adminMenus(Array, Array)
#8 /Users/dahthing/Desktop/Frameworks/cakephp-cakephp-2.4.0-0-g83db877/cakephp-cakephp-9b904aa/lib/Cake/View/View.php(945): include('/Users/dahthing...')
#9 /Users/dahthing/Desktop/Frameworks/cakephp-cakephp-2.4.0-0-g83db877/cakephp-cakephp-9b904aa/lib/Cake/View/View.php(907): View->_evaluate('/Users/dahthing...', Array)
#10 /Users/dahthing/Desktop/Frameworks/cakephp-cakephp-2.4.0-0-g83db877/cakephp-cakephp-9b904aa/lib/Cake/View/View.php(1208): View->_render('/Users/dahthing...', Array)
#11 /Users/dahthing/Desktop/Frameworks/cakephp-cakephp-2.4.0-0-g83db877/cakephp-cakephp-9b904aa/lib/Cake/View/View.php(414): View->_renderElement('/Users/dahthing...', Array, Array)
#12 /Users/dahthing/Desktop/Frameworks/cakephp-cakephp-2.4.0-0-g83db877/cakephp-cakephp-9b904aa/app/Plugin/Dna/View/Layouts/admin.ctp(41): View->element('admin/navigatio...')
#13 /Users/dahthing/Desktop/Frameworks/cakephp-cakephp-2.4.0-0-g83db877/cakephp-cakephp-9b904aa/lib/Cake/View/View.php(945): include('/Users/dahthing...')
#14 /Users/dahthing/Desktop/Frameworks/cakephp-cakephp-2.4.0-0-g83db877/cakephp-cakephp-9b904aa/lib/Cake/View/View.php(907): View->_evaluate('/Users/dahthing...', Array)
#15 /Users/dahthing/Desktop/Frameworks/cakephp-cakephp-2.4.0-0-g83db877/cakephp-cakephp-9b904aa/lib/Cake/View/View.php(535): View->_render('/Users/dahthing...')
#16 /Users/dahthing/Desktop/Frameworks/cakephp-cakephp-2.4.0-0-g83db877/cakephp-cakephp-9b904aa/lib/Cake/View/View.php(479): View->renderLayout('', 'admin')
#17 /Users/dahthing/Desktop/Frameworks/cakephp-cakephp-2.4.0-0-g83db877/cakephp-cakephp-9b904aa/lib/Cake/Controller/Controller.php(948): View->render(NULL, NULL)
#18 /Users/dahthing/Desktop/Frameworks/cakephp-cakephp-2.4.0-0-g83db877/cakephp-cakephp-9b904aa/app/Plugin/Dna/Controller/DnaAppController.php(237): Controller->render(NULL, NULL)
#19 /Users/dahthing/Desktop/Frameworks/cakephp-cakephp-2.4.0-0-g83db877/cakephp-cakephp-9b904aa/lib/Cake/Routing/Dispatcher.php(194): DnaAppController->render()
#20 /Users/dahthing/Desktop/Frameworks/cakephp-cakephp-2.4.0-0-g83db877/cakephp-cakephp-9b904aa/lib/Cake/Routing/Dispatcher.php(162): Dispatcher->_invoke(Object(LanguagesController), Object(CakeRequest), Object(CakeResponse))
#21 /Users/dahthing/Desktop/Frameworks/cakephp-cakephp-2.4.0-0-g83db877/cakephp-cakephp-9b904aa/app/webroot/index.php(96): Dispatcher->dispatch(Object(CakeRequest), Object(CakeResponse))
#22 {main}
2013-09-23 00:07:29 Error: [MissingPluginException] Plugin Users could not be found.
Exception Attributes: array (
  'plugin' => 'Users',
)
Request URL: /admin/settings/languages
Stack Trace:
#0 /Users/dahthing/Desktop/Frameworks/cakephp-cakephp-2.4.0-0-g83db877/cakephp-cakephp-9b904aa/lib/Cake/Core/App.php(367): CakePlugin::path('Users')
#1 /Users/dahthing/Desktop/Frameworks/cakephp-cakephp-2.4.0-0-g83db877/cakephp-cakephp-9b904aa/lib/Cake/Core/App.php(228): App::pluginPath('Users')
#2 /Users/dahthing/Desktop/Frameworks/cakephp-cakephp-2.4.0-0-g83db877/cakephp-cakephp-9b904aa/lib/Cake/Core/App.php(548): App::path('Model', 'Users')
#3 [internal function]: App::load('Role')
#4 [internal function]: spl_autoload_call('Role')
#5 /Users/dahthing/Desktop/Frameworks/cakephp-cakephp-2.4.0-0-g83db877/cakephp-cakephp-9b904aa/lib/Cake/Utility/ClassRegistry.php(145): class_exists('Role')
#6 /Users/dahthing/Desktop/Frameworks/cakephp-cakephp-2.4.0-0-g83db877/cakephp-cakephp-9b904aa/app/Plugin/Dna/View/Helper/DnaHelper.php(72): ClassRegistry::init('Users.Role')
#7 /Users/dahthing/Desktop/Frameworks/cakephp-cakephp-2.4.0-0-g83db877/cakephp-cakephp-9b904aa/app/Plugin/Dna/View/Elements/admin/navigation.ctp(8): DnaHelper->adminMenus(Array, Array)
#8 /Users/dahthing/Desktop/Frameworks/cakephp-cakephp-2.4.0-0-g83db877/cakephp-cakephp-9b904aa/lib/Cake/View/View.php(945): include('/Users/dahthing...')
#9 /Users/dahthing/Desktop/Frameworks/cakephp-cakephp-2.4.0-0-g83db877/cakephp-cakephp-9b904aa/lib/Cake/View/View.php(907): View->_evaluate('/Users/dahthing...', Array)
#10 /Users/dahthing/Desktop/Frameworks/cakephp-cakephp-2.4.0-0-g83db877/cakephp-cakephp-9b904aa/lib/Cake/View/View.php(1208): View->_render('/Users/dahthing...', Array)
#11 /Users/dahthing/Desktop/Frameworks/cakephp-cakephp-2.4.0-0-g83db877/cakephp-cakephp-9b904aa/lib/Cake/View/View.php(414): View->_renderElement('/Users/dahthing...', Array, Array)
#12 /Users/dahthing/Desktop/Frameworks/cakephp-cakephp-2.4.0-0-g83db877/cakephp-cakephp-9b904aa/app/Plugin/Dna/View/Layouts/admin.ctp(41): View->element('admin/navigatio...')
#13 /Users/dahthing/Desktop/Frameworks/cakephp-cakephp-2.4.0-0-g83db877/cakephp-cakephp-9b904aa/lib/Cake/View/View.php(945): include('/Users/dahthing...')
#14 /Users/dahthing/Desktop/Frameworks/cakephp-cakephp-2.4.0-0-g83db877/cakephp-cakephp-9b904aa/lib/Cake/View/View.php(907): View->_evaluate('/Users/dahthing...', Array)
#15 /Users/dahthing/Desktop/Frameworks/cakephp-cakephp-2.4.0-0-g83db877/cakephp-cakephp-9b904aa/lib/Cake/View/View.php(535): View->_render('/Users/dahthing...')
#16 /Users/dahthing/Desktop/Frameworks/cakephp-cakephp-2.4.0-0-g83db877/cakephp-cakephp-9b904aa/lib/Cake/View/View.php(479): View->renderLayout('', 'admin')
#17 /Users/dahthing/Desktop/Frameworks/cakephp-cakephp-2.4.0-0-g83db877/cakephp-cakephp-9b904aa/lib/Cake/Controller/Controller.php(948): View->render(NULL, NULL)
#18 /Users/dahthing/Desktop/Frameworks/cakephp-cakephp-2.4.0-0-g83db877/cakephp-cakephp-9b904aa/app/Plugin/Dna/Controller/DnaAppController.php(237): Controller->render(NULL, NULL)
#19 /Users/dahthing/Desktop/Frameworks/cakephp-cakephp-2.4.0-0-g83db877/cakephp-cakephp-9b904aa/lib/Cake/Routing/Dispatcher.php(194): DnaAppController->render()
#20 /Users/dahthing/Desktop/Frameworks/cakephp-cakephp-2.4.0-0-g83db877/cakephp-cakephp-9b904aa/lib/Cake/Routing/Dispatcher.php(162): Dispatcher->_invoke(Object(LanguagesController), Object(CakeRequest), Object(CakeResponse))
#21 /Users/dahthing/Desktop/Frameworks/cakephp-cakephp-2.4.0-0-g83db877/cakephp-cakephp-9b904aa/app/webroot/index.php(96): Dispatcher->dispatch(Object(CakeRequest), Object(CakeResponse))
#22 {main}
2013-09-23 00:09:08 Error: [MissingControllerException] Controller class Controller could not be found.
Exception Attributes: array (
  'class' => 'Controller',
  'plugin' => NULL,
)
Request URL: /
Stack Trace:
#0 /Users/dahthing/Desktop/Frameworks/cakephp-cakephp-2.4.0-0-g83db877/cakephp-cakephp-9b904aa/app/webroot/index.php(96): Dispatcher->dispatch(Object(CakeRequest), Object(CakeResponse))
#1 {main}
2013-09-23 00:24:06 Error: [MissingControllerException] Controller class JsController could not be found.
Exception Attributes: array (
  'class' => 'JsController',
  'plugin' => 'Ckeditor',
)
Request URL: /ckeditor/js/skins/moono/dna.css?t=D2LI
Stack Trace:
#0 /Users/dahthing/Desktop/Frameworks/cakephp-cakephp-2.4.0-0-g83db877/cakephp-cakephp-9b904aa/app/webroot/index.php(96): Dispatcher->dispatch(Object(CakeRequest), Object(CakeResponse))
#1 {main}
2013-09-23 00:24:24 Error: [MissingControllerException] Controller class JsController could not be found.
Exception Attributes: array (
  'class' => 'JsController',
  'plugin' => 'Ckeditor',
)
Request URL: /ckeditor/js/skins/moono/dna.css?t=D2LI
Stack Trace:
#0 /Users/dahthing/Desktop/Frameworks/cakephp-cakephp-2.4.0-0-g83db877/cakephp-cakephp-9b904aa/app/webroot/index.php(96): Dispatcher->dispatch(Object(CakeRequest), Object(CakeResponse))
#1 {main}
2013-09-23 10:45:26 Error: [MissingControllerException] Controller class ThemeController could not be found.
Exception Attributes: array (
  'class' => 'ThemeController',
  'plugin' => NULL,
)
Request URL: /theme/Workstation/img/dna/img/screenshot.png
Stack Trace:
#0 /Users/dahthing/Desktop/Frameworks/cakephp-cakephp-2.4.0-0-g83db877/cakephp-cakephp-9b904aa/app/webroot/index.php(96): Dispatcher->dispatch(Object(CakeRequest), Object(CakeResponse))
#1 {main}
2013-09-23 11:20:09 Error: [MissingControllerException] Controller class ThemeController could not be found.
Exception Attributes: array (
  'class' => 'ThemeController',
  'plugin' => NULL,
)
Request URL: /theme/Workstation/img/dna/img/screenshot.png
Stack Trace:
#0 /Users/dahthing/Desktop/Frameworks/cakephp-cakephp-2.4.0-0-g83db877/cakephp-cakephp-9b904aa/app/webroot/index.php(96): Dispatcher->dispatch(Object(CakeRequest), Object(CakeResponse))
#1 {main}
2013-09-23 11:20:14 Error: [MissingControllerException] Controller class ThemeController could not be found.
Exception Attributes: array (
  'class' => 'ThemeController',
  'plugin' => NULL,
)
Request URL: /theme/Workstation/img/dna/img/screenshot.png
Stack Trace:
#0 /Users/dahthing/Desktop/Frameworks/cakephp-cakephp-2.4.0-0-g83db877/cakephp-cakephp-9b904aa/app/webroot/index.php(96): Dispatcher->dispatch(Object(CakeRequest), Object(CakeResponse))
#1 {main}
2013-09-23 11:20:14 Error: [MissingControllerException] Controller class ThemeController could not be found.
Exception Attributes: array (
  'class' => 'ThemeController',
  'plugin' => NULL,
)
Request URL: /theme/Workstation/img/dna/img/screenshot.png
Stack Trace:
#0 /Users/dahthing/Desktop/Frameworks/cakephp-cakephp-2.4.0-0-g83db877/cakephp-cakephp-9b904aa/app/webroot/index.php(96): Dispatcher->dispatch(Object(CakeRequest), Object(CakeResponse))
#1 {main}
2013-09-23 21:57:52 Error: [MissingControllerException] Controller class JsController could not be found.
Exception Attributes: array (
  'class' => 'JsController',
  'plugin' => 'Ckeditor',
)
Request URL: /ckeditor/js/skins/moono/dna.css?t=D2LI
Stack Trace:
#0 /home/dahthing/public_html/cake/app/webroot/index.php(96): Dispatcher->dispatch(Object(CakeRequest), Object(CakeResponse))
#1 {main}
2013-09-23 22:02:41 Error: [MissingControllerException] Controller class JsController could not be found.
Exception Attributes: array (
  'class' => 'JsController',
  'plugin' => 'Ckeditor',
)
Request URL: /ckeditor/js/skins/moono/dna.css?t=D2LI
Stack Trace:
#0 /home/dahthing/public_html/cake/app/webroot/index.php(96): Dispatcher->dispatch(Object(CakeRequest), Object(CakeResponse))
#1 {main}
2013-09-23 22:03:29 Error: [MissingControllerException] Controller class JsController could not be found.
Exception Attributes: array (
  'class' => 'JsController',
  'plugin' => 'Ckeditor',
)
Request URL: /ckeditor/js/skins/moono/dna.css?t=D2LI
Stack Trace:
#0 /home/dahthing/public_html/cake/app/webroot/index.php(96): Dispatcher->dispatch(Object(CakeRequest), Object(CakeResponse))
#1 {main}
2013-09-23 22:07:38 Error: [MissingControllerException] Controller class JsController could not be found.
Exception Attributes: array (
  'class' => 'JsController',
  'plugin' => 'Ckeditor',
)
Request URL: /ckeditor/js/skins/moono/dna.css?t=D2LI
Stack Trace:
#0 /home/dahthing/public_html/cake/app/webroot/index.php(96): Dispatcher->dispatch(Object(CakeRequest), Object(CakeResponse))
#1 {main}
2013-09-23 22:07:58 Error: [MissingControllerException] Controller class JsController could not be found.
Exception Attributes: array (
  'class' => 'JsController',
  'plugin' => 'Ckeditor',
)
Request URL: /ckeditor/js/skins/moono/dna.css?t=D2LI
Stack Trace:
#0 /home/dahthing/public_html/cake/app/webroot/index.php(96): Dispatcher->dispatch(Object(CakeRequest), Object(CakeResponse))
#1 {main}
2013-09-25 11:00:39 Error: [MissingControllerException] Controller class JsController could not be found.
Exception Attributes: array (
  'class' => 'JsController',
  'plugin' => 'Ckeditor',
)
Request URL: /ckeditor/js/skins/moono/dna.css?t=D2LI
Stack Trace:
#0 /home/dahthing/public_html/cake/app/webroot/index.php(96): Dispatcher->dispatch(Object(CakeRequest), Object(CakeResponse))
#1 {main}
2013-09-25 11:00:56 Error: [MissingControllerException] Controller class JsController could not be found.
Exception Attributes: array (
  'class' => 'JsController',
  'plugin' => 'Ckeditor',
)
Request URL: /ckeditor/js/skins/moono/dna.css?t=D2LI
Stack Trace:
#0 /home/dahthing/public_html/cake/app/webroot/index.php(96): Dispatcher->dispatch(Object(CakeRequest), Object(CakeResponse))
#1 {main}
2013-09-25 11:00:58 Error: [MissingControllerException] Controller class JsController could not be found.
Exception Attributes: array (
  'class' => 'JsController',
  'plugin' => 'Ckeditor',
)
Request URL: /ckeditor/js/skins/moono/dna.css?t=D2LI
Stack Trace:
#0 /home/dahthing/public_html/cake/app/webroot/index.php(96): Dispatcher->dispatch(Object(CakeRequest), Object(CakeResponse))
#1 {main}
2013-09-25 11:02:35 Error: [MissingControllerException] Controller class ThemeController could not be found.
Exception Attributes: array (
  'class' => 'ThemeController',
  'plugin' => NULL,
)
Request URL: /theme/Workstation/img/dna/img/screenshot.png
Stack Trace:
#0 /home/dahthing/public_html/cake/app/webroot/index.php(96): Dispatcher->dispatch(Object(CakeRequest), Object(CakeResponse))
#1 {main}
2013-09-25 11:02:43 Error: [MissingControllerException] Controller class ThemeController could not be found.
Exception Attributes: array (
  'class' => 'ThemeController',
  'plugin' => NULL,
)
Request URL: /theme/Workstation/img/dna/img/screenshot.png
Stack Trace:
#0 /home/dahthing/public_html/cake/app/webroot/index.php(96): Dispatcher->dispatch(Object(CakeRequest), Object(CakeResponse))
#1 {main}
2013-09-25 11:06:11 Error: [MissingControllerException] Controller class EngController could not be found.
Exception Attributes: array (
  'class' => 'EngController',
  'plugin' => NULL,
)
Request URL: /eng
Stack Trace:
#0 /home/dahthing/public_html/cake/app/webroot/index.php(96): Dispatcher->dispatch(Object(CakeRequest), Object(CakeResponse))
#1 {main}
2013-09-25 11:06:15 Error: [MissingControllerException] Controller class PtController could not be found.
Exception Attributes: array (
  'class' => 'PtController',
  'plugin' => NULL,
)
Request URL: /pt
Stack Trace:
#0 /home/dahthing/public_html/cake/app/webroot/index.php(96): Dispatcher->dispatch(Object(CakeRequest), Object(CakeResponse))
#1 {main}
2013-09-25 11:07:17 Error: [MissingControllerException] Controller class JsController could not be found.
Exception Attributes: array (
  'class' => 'JsController',
  'plugin' => 'Ckeditor',
)
Request URL: /ckeditor/js/skins/moono/dna.css?t=D2LI
Stack Trace:
#0 /home/dahthing/public_html/cake/app/webroot/index.php(96): Dispatcher->dispatch(Object(CakeRequest), Object(CakeResponse))
#1 {main}
2013-09-30 13:05:15 Error: [MissingControllerException] Controller class JsController could not be found.
Exception Attributes: array (
  'class' => 'JsController',
  'plugin' => 'Ckeditor',
)
Request URL: /ckeditor/js/skins/moono/dna.css?t=D2LI
Stack Trace:
#0 /home/dahthing/public_html/cake/app/webroot/index.php(96): Dispatcher->dispatch(Object(CakeRequest), Object(CakeResponse))
#1 {main}
2013-09-30 13:05:20 Error: [MissingControllerException] Controller class JsController could not be found.
Exception Attributes: array (
  'class' => 'JsController',
  'plugin' => 'Ckeditor',
)
Request URL: /ckeditor/js/skins/moono/dna.css?t=D2LI
Stack Trace:
#0 /home/dahthing/public_html/cake/app/webroot/index.php(96): Dispatcher->dispatch(Object(CakeRequest), Object(CakeResponse))
#1 {main}
2013-09-30 13:05:26 Error: [MissingControllerException] Controller class JsController could not be found.
Exception Attributes: array (
  'class' => 'JsController',
  'plugin' => 'Ckeditor',
)
Request URL: /ckeditor/js/skins/moono/dna.css?t=D2LI
Stack Trace:
#0 /home/dahthing/public_html/cake/app/webroot/index.php(96): Dispatcher->dispatch(Object(CakeRequest), Object(CakeResponse))
#1 {main}
